app/build/intermediates/manifest_merge_blame_file/debug/manifest-merger-blame-debug-report.txt
1<?xml version="1.0" encoding="utf-8"?>
2<!--
3  ~ Copyright (C) 2018 Google Inc.
4  ~
5  ~ Licensed under the Apache License, Version 2.0 (the "License");
6  ~ you may not use this file except in compliance with the License.
7  ~ You may obtain a copy of the License at
8  ~
9  ~     http://www.apache.org/licenses/LICENSE-2.0
10  ~
11  ~ Unless required by applicable law or agreed to in writing, software
12  ~ distributed under the License is distributed on an "AS IS" BASIS,
13  ~ WITHOUT WARRANTIES OR CONDITIONS OF ANY KIND, either express or implied.
14  ~ See the License for the specific language governing permissions and
15  ~ limitations under the License.
16-->
17<manifest xmlns:android="http://schemas.android.com/apk/res/android"
18    package="com.example.android.droidcafeinput"
19    android:versionCode="1"
20    android:versionName="1.0" >
21
22    <uses-sdk
23        android:minSdkVersion="15"
23-->src\main\AndroidManifest.xml
24        android:targetSdkVersion="29" />
24-->src\main\AndroidManifest.xml
25
26    <application
26-->src\main\AndroidManifest.xml:20:5-53:19
27        android:allowBackup="true"
27-->src\main\AndroidManifest.xml:21:9-35
28        android:appComponentFactory="androidx.core.app.CoreComponentFactory"
28-->[androidx.core:core:1.1.0] AndroidManifest.xml:24:18-86
29        android:debuggable="true"
30        android:icon="@mipmap/ic_launcher"
30-->src\main\AndroidManifest.xml:22:9-43
31        android:label="@string/app_name"
31-->src\main\AndroidManifest.xml:23:9-41
32        android:roundIcon="@mipmap/ic_launcher_round"
32-->src\main\AndroidManifest.xml:24:9-54
33        android:supportsRtl="true"
33-->src\main\AndroidManifest.xml:25:9-35
34        android:testOnly="true"
35        android:theme="@style/AppTheme" >
35-->src\main\AndroidManifest.xml:26:9-40
36        <activity
36-->src\main\AndroidManifest.xml:27:9-36:20
37            android:name="com.example.android.droidcafeinput.MainActivity"
37-->src\main\AndroidManifest.xml:28:13-41
38            android:label="@string/app_name"
38-->src\main\AndroidManifest.xml:29:13-45
39            android:theme="@style/AppTheme.NoActionBar" >
39-->src\main\AndroidManifest.xml:30:13-56
40            <intent-filter>
40-->src\main\AndroidManifest.xml:31:13-35:29
41                <action android:name="android.intent.action.MAIN" />
41-->src\main\AndroidManifest.xml:32:17-69
41-->src\main\AndroidManifest.xml:32:25-66
42
43                <category android:name="android.intent.category.LAUNCHER" />
43-->src\main\AndroidManifest.xml:34:17-77
43-->src\main\AndroidManifest.xml:34:27-74
44            </intent-filter>
45        </activity>
46        <activity
46-->src\main\AndroidManifest.xml:37:9-44:20
47            android:name="com.example.android.droidcafeinput.OrderActivity"
47-->src\main\AndroidManifest.xml:38:13-42
48            android:label="@string/title_activity_order"
48-->src\main\AndroidManifest.xml:39:13-57
49            android:parentActivityName="com.example.android.droidcafeinput.MainActivity" >
49-->src\main\AndroidManifest.xml:40:13-55
50            <meta-data
50-->src\main\AndroidManifest.xml:41:13-43:49
51                android:name="android.support.PARENT_ACTIVITY"
51-->src\main\AndroidManifest.xml:42:17-63
52                android:value=".MainActivity" />
52-->src\main\AndroidManifest.xml:43:17-46
53        </activity>
54        <activity
54-->src\main\AndroidManifest.xml:45:9-52:20
55            android:name="com.example.android.droidcafeinput.SettingsActivity"
55-->src\main\AndroidManifest.xml:46:13-45
56            android:label="@string/title_activity_settings"
56-->src\main\AndroidManifest.xml:47:13-60
57            android:parentActivityName="com.example.android.droidcafeinput.MainActivity" >
57-->src\main\AndroidManifest.xml:48:13-55
58            <meta-data
58-->src\main\AndroidManifest.xml:41:13-43:49
59                android:name="android.support.PARENT_ACTIVITY"
59-->src\main\AndroidManifest.xml:42:17-63
60                android:value=".MainActivity" />
60-->src\main\AndroidManifest.xml:43:17-46
61        </activity>
62    </application>
63
64</manifest>